2023-03-22 12:16:29 DEBUG InternalLoggerFactory:89 - Using Log4J as the default logging framework
2023-03-22 12:16:29 DEBUG ResourceLeakDetector:129 - -Dio.netty.leakDetection.level: simple
2023-03-22 12:16:29 DEBUG ResourceLeakDetector:130 - -Dio.netty.leakDetection.targetRecords: 4
2023-03-22 12:16:29 DEBUG ResourceLeakDetectorFactory:196 - Loaded default ResourceLeakDetector: io.netty.util.ResourceLeakDetector@51cd7ffc
2023-03-22 12:16:29 DEBUG PlatformDependent0:496 - -Dio.netty.noUnsafe: false
2023-03-22 12:16:29 DEBUG PlatformDependent0:1000 - Java version: 17
2023-03-22 12:16:29 DEBUG PlatformDependent0:137 - sun.misc.Unsafe.theUnsafe: available
2023-03-22 12:16:29 DEBUG PlatformDependent0:161 - sun.misc.Unsafe.copyMemory: available
2023-03-22 12:16:29 DEBUG PlatformDependent0:193 - sun.misc.Unsafe.storeFence: available
2023-03-22 12:16:29 DEBUG PlatformDependent0:236 - java.nio.Buffer.address: available
2023-03-22 12:16:29 DEBUG PlatformDependent0:320 - direct buffer constructor: unavailable: Reflective setAccessible(true) disabled
2023-03-22 12:16:29 DEBUG PlatformDependent0:385 - java.nio.Bits.unaligned: available, true
2023-03-22 12:16:29 DEBUG PlatformDependent0:452 - jdk.internal.misc.Unsafe.allocateUninitializedArray(int): unavailable: class io.netty.util.internal.PlatformDependent0$7 cannot access class jdk.internal.misc.Unsafe (in module java.base) because module java.base does not export jdk.internal.misc to unnamed module @31ef45e3
2023-03-22 12:16:29 DEBUG PlatformDependent0:482 - java.nio.DirectByteBuffer.<init>(long, int): unavailable
2023-03-22 12:16:29 DEBUG PlatformDependent:1159 - sun.misc.Unsafe: available
2023-03-22 12:16:30 DEBUG PlatformDependent:1270 - maxDirectMemory: 1042284544 bytes (maybe)
2023-03-22 12:16:30 DEBUG PlatformDependent:1289 - -Dio.netty.tmpdir: C:\Users\Thomas\AppData\Local\Temp (java.io.tmpdir)
2023-03-22 12:16:30 DEBUG PlatformDependent:1368 - -Dio.netty.bitMode: 64 (sun.arch.data.model)
2023-03-22 12:16:30 DEBUG PlatformDependent:1119 - Platform: Windows
2023-03-22 12:16:30 DEBUG PlatformDependent:178 - -Dio.netty.maxDirectMemory: -1 bytes
2023-03-22 12:16:30 DEBUG PlatformDependent:185 - -Dio.netty.uninitializedArrayAllocationThreshold: -1
2023-03-22 12:16:30 DEBUG CleanerJava9:71 - java.nio.ByteBuffer.cleaner(): available
2023-03-22 12:16:30 DEBUG PlatformDependent:205 - -Dio.netty.noPreferDirect: false
2023-03-22 12:16:30 DEBUG PlatformDependent:1010 - org.jctools-core.MpscChunkedArrayQueue: available
2023-03-22 12:16:31 DEBUG InternalThreadLocalMap:86 - -Dio.netty.threadLocalMap.stringBuilder.initialSize: 1024
2023-03-22 12:16:31 DEBUG InternalThreadLocalMap:89 - -Dio.netty.threadLocalMap.stringBuilder.maxSize: 4096
2023-03-22 12:16:31 DEBUG JdkSslContext:83 - Default protocols (JDK): [TLSv1.3, TLSv1.2] 
2023-03-22 12:16:31 DEBUG JdkSslContext:84 - Default cipher suites (JDK): [TLS_ECDHE_ECDSA_WITH_AES_256_GCM_SHA384, TLS_ECDHE_ECDSA_WITH_AES_128_GCM_SHA256, TLS_ECDHE_RSA_WITH_AES_128_GCM_SHA256, TLS_ECDHE_RSA_WITH_AES_256_GCM_SHA384, TLS_ECDHE_RSA_WITH_AES_128_CBC_SHA, TLS_ECDHE_RSA_WITH_AES_256_CBC_SHA, TLS_RSA_WITH_AES_128_GCM_SHA256, TLS_RSA_WITH_AES_128_CBC_SHA, TLS_RSA_WITH_AES_256_CBC_SHA, TLS_AES_128_GCM_SHA256, TLS_AES_256_GCM_SHA384]
2023-03-22 12:16:31 DEBUG MultithreadEventLoopGroup:44 - -Dio.netty.eventLoopThreads: 16
2023-03-22 12:16:31 DEBUG NioEventLoop:110 - -Dio.netty.noKeySetOptimization: false
2023-03-22 12:16:31 DEBUG NioEventLoop:111 - -Dio.netty.selectorAutoRebuildThreshold: 512
2023-03-22 12:16:32 DEBUG PooledByteBufAllocator:157 - -Dio.netty.allocator.numHeapArenas: 16
2023-03-22 12:16:32 DEBUG PooledByteBufAllocator:158 - -Dio.netty.allocator.numDirectArenas: 16
2023-03-22 12:16:32 DEBUG PooledByteBufAllocator:160 - -Dio.netty.allocator.pageSize: 8192
2023-03-22 12:16:32 DEBUG PooledByteBufAllocator:165 - -Dio.netty.allocator.maxOrder: 9
2023-03-22 12:16:32 DEBUG PooledByteBufAllocator:169 - -Dio.netty.allocator.chunkSize: 4194304
2023-03-22 12:16:32 DEBUG PooledByteBufAllocator:170 - -Dio.netty.allocator.smallCacheSize: 256
2023-03-22 12:16:32 DEBUG PooledByteBufAllocator:171 - -Dio.netty.allocator.normalCacheSize: 64
2023-03-22 12:16:32 DEBUG PooledByteBufAllocator:172 - -Dio.netty.allocator.maxCachedBufferCapacity: 32768
2023-03-22 12:16:32 DEBUG PooledByteBufAllocator:173 - -Dio.netty.allocator.cacheTrimInterval: 8192
2023-03-22 12:16:32 DEBUG PooledByteBufAllocator:174 - -Dio.netty.allocator.cacheTrimIntervalMillis: 0
2023-03-22 12:16:32 DEBUG PooledByteBufAllocator:175 - -Dio.netty.allocator.useCacheForAllThreads: false
2023-03-22 12:16:32 DEBUG PooledByteBufAllocator:176 - -Dio.netty.allocator.maxCachedByteBuffersPerChunk: 1023
2023-03-22 12:16:32 DEBUG ByteBufUtil:87 - -Dio.netty.allocator.type: pooled
2023-03-22 12:16:32 DEBUG ByteBufUtil:96 - -Dio.netty.threadLocalDirectBufferSize: 0
2023-03-22 12:16:32 DEBUG ByteBufUtil:99 - -Dio.netty.maxThreadLocalCharBufferSize: 16384
2023-03-22 12:16:34 DEBUG DefaultChannelId:79 - -Dio.netty.processId: 9648 (auto-detected)
2023-03-22 12:16:34 DEBUG NetUtil:136 - -Djava.net.preferIPv4Stack: false
2023-03-22 12:16:34 DEBUG NetUtil:137 - -Djava.net.preferIPv6Addresses: false
2023-03-22 12:16:34 DEBUG NetUtilInitializations:129 - Loopback interface: lo (Software Loopback Interface 1, 127.0.0.1)
2023-03-22 12:16:34 DEBUG NetUtil:191 - Failed to get SOMAXCONN from sysctl and file \proc\sys\net\core\somaxconn. Default: 200
2023-03-22 12:16:34 DEBUG DefaultChannelId:101 - -Dio.netty.machineId: b0:68:e6:ff:fe:2e:b5:5f (auto-detected)
2023-03-22 12:16:34 DEBUG AbstractByteBuf:63 - -Dio.netty.buffer.checkAccessible: true
2023-03-22 12:16:34 DEBUG AbstractByteBuf:64 - -Dio.netty.buffer.checkBounds: true
2023-03-22 12:16:34 DEBUG ResourceLeakDetectorFactory:196 - Loaded default ResourceLeakDetector: io.netty.util.ResourceLeakDetector@10193d99
2023-03-22 12:16:34 DEBUG Recycler:85 - -Dio.netty.recycler.maxCapacityPerThread: 4096
2023-03-22 12:16:34 DEBUG Recycler:86 - -Dio.netty.recycler.ratio: 8
2023-03-22 12:16:34 DEBUG Recycler:87 - -Dio.netty.recycler.chunkSize: 32
2023-03-22 12:16:34 DEBUG Recycler:88 - -Dio.netty.recycler.blocking: false
2023-03-22 12:16:50 DEBUG Brotli:38 - brotli4j not in the classpath; Brotli support will be unavailable.
2023-03-22 12:16:51 DEBUG ThreadLocalRandom:214 - -Dio.netty.initialSeedUniquifier: 0xb6f9420e3cda210d
2023-03-22 12:17:01 INFO  Log:11 - =====================================VerifyUserLoginTest-validateLogin TEST START=========================================
2023-03-22 12:17:08 INFO  Log:24 - User logged in
2023-03-22 12:17:08 INFO  Log:16 - =====================================VerifyUserLoginTest-validateLogin TEST END=========================================
2023-03-22 12:17:33 INFO  Log:11 - =====================================VerifyUserLoginTest-validateAllLogin TEST START=========================================
2023-03-22 12:17:34 INFO  Log:24 - UserName Entered
2023-03-22 12:17:34 INFO  Log:24 - Password Entered
2023-03-22 12:17:34 INFO  Log:16 - =====================================VerifyUserLoginTest-validateAllLogin TEST END=========================================
2023-03-22 12:17:45 INFO  Log:11 - =====================================VerifyUserLoginTest-validateAllLogin TEST START=========================================
2023-03-22 12:17:45 INFO  Log:24 - UserName Entered
2023-03-22 12:17:45 INFO  Log:24 - Password Entered
2023-03-22 12:17:46 INFO  Log:16 - =====================================VerifyUserLoginTest-validateAllLogin TEST END=========================================
2023-03-22 12:17:56 INFO  Log:11 - =====================================VerifyUserLoginTest-validateAllLogin TEST START=========================================
2023-03-22 12:17:56 INFO  Log:24 - UserName Entered
2023-03-22 12:17:56 INFO  Log:24 - Password Entered
2023-03-22 12:17:57 INFO  Log:16 - =====================================VerifyUserLoginTest-validateAllLogin TEST END=========================================
2023-03-22 12:18:06 INFO  Log:11 - =====================================VerifyHomePageTest--menuElements TEST START=========================================
2023-03-22 12:18:11 INFO  Log:16 - =====================================VerifyHomePageTest--menuElements TEST END=========================================
2023-03-22 12:18:22 INFO  Log:11 - =====================================VerifyStoreTest--validateTableHeaders TEST START=========================================
2023-03-22 12:18:30 INFO  Log:16 - =====================================VerifyStoreTest--validateTableHeaders TEST END=========================================
2023-03-22 12:18:43 INFO  Log:11 - =====================================VerifyStoreTest--validateShowCount TEST START=========================================
2023-03-22 12:18:52 INFO  Log:16 - =====================================VerifyStoreTest--validateShowCount TEST END=========================================
2023-03-22 12:19:06 INFO  Log:11 - =====================================VerifyStoreTest--validateAddStore TEST START=========================================
2023-03-22 12:19:14 INFO  Log:24 - Add Store Details entered
2023-03-22 12:19:16 INFO  Log:16 - =====================================VerifyStoreTest--validateAddStore TEST END=========================================
2023-03-22 12:19:24 INFO  Log:11 - =====================================VerifyStoreTest--validateSearchStore TEST START=========================================
2023-03-22 12:19:28 INFO  Log:24 - Search Store Details entered
2023-03-22 12:19:29 INFO  Log:16 - =====================================VerifyStoreTest--validateSearchStore TEST END=========================================
2023-03-22 12:19:35 INFO  Log:11 - =====================================VerifyStoreTest--validateEditStore TEST START=========================================
2023-03-22 12:19:41 INFO  Log:24 - Clicked on Edit Store
2023-03-22 12:19:42 INFO  Log:24 - Edit Store Details entered
2023-03-22 12:19:44 INFO  Log:16 - =====================================VerifyStoreTest--validateEditStore TEST END=========================================
2023-03-22 12:19:50 INFO  Log:11 - =====================================VerifyStoreTest--validateStoreSorting TEST START=========================================
2023-03-22 12:19:55 INFO  Log:24 - Ascending Sort Done
2023-03-22 12:19:55 INFO  Log:24 - Descending Sort Done
2023-03-22 12:19:56 INFO  Log:16 - =====================================VerifyStoreTest--validateStoreSorting TEST END=========================================
2023-03-22 12:20:02 INFO  Log:11 - =====================================VerifyStoreManageTest-validateAddStoreTable TEST START=========================================
2023-03-22 12:20:09 INFO  Log:24 - Entered table name
2023-03-22 12:20:30 INFO  Log:24 - Selected zone
2023-03-22 12:20:30 INFO  Log:24 - Store Table is Added
2023-03-22 12:20:31 INFO  Log:16 - =====================================VerifyStoreManageTest-validateAddStoreTable TEST END=========================================
2023-03-22 12:20:40 INFO  Log:11 - =====================================VerifyStoreManageTest-validateEditStoreTable TEST START=========================================
2023-03-22 12:21:05 INFO  Log:24 - Edit Store Table Name
2023-03-22 12:21:15 INFO  Log:24 - Store Table is Edited
2023-03-22 12:21:16 INFO  Log:16 - =====================================VerifyStoreManageTest-validateEditStoreTable TEST END=========================================
2023-03-22 12:21:22 INFO  Log:11 - =====================================VerifyStoreManageTest-validateDeleteStoreTbl TEST START=========================================
2023-03-22 12:21:38 INFO  Log:24 - Deleted table
2023-03-22 12:21:39 INFO  Log:16 - =====================================VerifyStoreManageTest-validateDeleteStoreTbl TEST END=========================================
2023-03-22 12:21:45 INFO  Log:11 - =====================================VerifyStoreManageTest-validateDeleteZone TEST START=========================================
2023-03-22 12:22:11 INFO  Log:24 - Deleted Zone
2023-03-22 12:22:12 INFO  Log:16 - =====================================VerifyStoreManageTest-validateDeleteZone TEST END=========================================
2023-03-22 12:22:19 INFO  Log:11 - =====================================VerifyStoreTest--validateDeleteStore TEST START=========================================
2023-03-22 12:22:47 INFO  Log:11 - =====================================VerifyStoreTest--validateDeleteStore TEST START=========================================
2023-03-22 12:22:59 INFO  Log:16 - =====================================VerifyStoreTest--validateDeleteStore TEST END=========================================
2023-03-22 12:23:05 INFO  Log:11 - =====================================VerifyProductPageTest--validateShowPdtTblCount TEST START=========================================
2023-03-22 12:23:16 INFO  Log:24 - Selected show count
2023-03-22 12:23:17 INFO  Log:16 - =====================================VerifyProductPageTest--showProduct TEST END=========================================
2023-03-22 12:23:24 INFO  Log:11 - =====================================VerifyProductPageTest--validateFilterBySupplier TEST START=========================================
2023-03-22 12:23:32 INFO  Log:24 - Selected Supplier
2023-03-22 12:23:34 INFO  Log:16 - =====================================VerifyProductPageTest--validateFilterBySupplier TEST END=========================================
2023-03-22 12:23:41 INFO  Log:11 - =====================================VerifyProductPageTest--validateFilterByPdtType TEST START=========================================
2023-03-22 12:23:50 INFO  Log:24 - Selected Product Type
2023-03-22 12:23:54 INFO  Log:16 - =====================================VerifyProductPageTest--filterByPdtType TEST END=========================================
2023-03-22 12:24:01 INFO  Log:11 - =====================================VerifyProductPageTest--validateFilterBySupPdtType TEST START=========================================
2023-03-22 12:24:22 INFO  Log:24 - Selected Supplier and Product Type
2023-03-22 12:24:25 INFO  Log:16 - =====================================VerifyProductPageTest--validateFilterBySupPdtType TEST END=========================================
2023-03-22 12:24:32 INFO  Log:11 - =====================================VerifyProductPageTest--validateDownloadCSV TEST START=========================================
2023-03-22 12:24:43 INFO  Log:16 - =====================================VerifyProductPageTest--validateDownloadCSV TEST END=========================================
2023-03-22 12:24:51 INFO  Log:11 - =====================================VerifyProductPageTest--validateUploadCSV TEST START=========================================
2023-03-22 12:25:00 INFO  Log:24 - Entered file to upload
2023-03-22 12:25:06 INFO  Log:16 - =====================================VerifyProductPageTest--validateUploadCSV TEST END=========================================
2023-03-22 12:25:14 INFO  Log:11 - =====================================VerifyProductPageTest--validatePrintMenu TEST START=========================================
2023-03-22 12:25:36 INFO  Log:16 - =====================================VerifyProductPageTest--validatePrintMenu TEST END=========================================
2023-03-22 12:25:43 INFO  Log:11 - =====================================VerifyProductPageTest--validateAddProduct TEST START=========================================
2023-03-22 12:26:17 INFO  Log:16 - =====================================VerifyProductPageTest--validateAddProduct TEST END=========================================
2023-03-22 12:26:22 INFO  Log:11 - =====================================VerifyProductPageTest--validateSearchPdt TEST START=========================================
2023-03-22 12:26:31 INFO  Log:24 - Search product entered
2023-03-22 12:26:31 INFO  Log:16 - =====================================VerifyProductPageTest--validateSearchPdt TEST END=========================================
2023-03-22 12:26:38 INFO  Log:11 - =====================================VerifyCategoryTest--validateCatTblHeaders TEST START=========================================
2023-03-22 12:26:43 INFO  Log:16 - =====================================VerifyCategoryTest--validateCatTblHeaders TEST END=========================================
2023-03-22 12:26:49 INFO  Log:11 - =====================================VerifyCategoryTest--validateAddCategory TEST START=========================================
2023-03-22 12:26:55 INFO  Log:24 - Catgeory Added
2023-03-22 12:26:57 INFO  Log:16 - =====================================VerifyCategoryTest--validateAddCategory TEST END=========================================
2023-03-22 12:27:03 INFO  Log:11 - =====================================VerifySettingsTest--validateAddUser TEST START=========================================
2023-03-22 12:27:12 INFO  Log:24 - User Details entered
2023-03-22 12:27:13 INFO  Log:16 - =====================================VerifySettingsTest--validateAddUser TEST END=========================================
2023-03-22 12:27:19 INFO  Log:11 - =====================================VerifyWaiterTest--validateShowCount TEST START=========================================
2023-03-22 12:27:23 INFO  Log:24 - Selected show count
2023-03-22 12:27:24 INFO  Log:16 - =====================================VerifyWaiterTest--validateShowCount TEST END=========================================
2023-03-22 12:27:30 INFO  Log:11 - =====================================VerifyWaiterTest--validateAddWaiter TEST START=========================================
2023-03-22 12:29:28 INFO  Log:11 - =====================================VerifyWaiterTest--validateAddWaiter TEST START=========================================
2023-03-22 12:29:37 INFO  Log:16 - =====================================VerifyWaiterTest--validateAddWaiter TEST END=========================================
2023-03-22 12:29:44 INFO  Log:11 - =====================================VerifyWaiterTest--validateSearchWaiter TEST START=========================================
2023-03-22 12:29:49 INFO  Log:24 - Search waiter entered
2023-03-22 12:29:49 INFO  Log:16 - =====================================VerifyWaiterTest--validateSearchWaiter TEST END=========================================
2023-03-22 12:29:55 INFO  Log:11 - =====================================VerifyWaiterTest--validateEditWaiter TEST START=========================================
2023-03-22 12:30:04 INFO  Log:16 - =====================================VerifyWaiterTest--validateEditWaiter TEST END=========================================
2023-03-22 12:30:05 DEBUG cache:45 - Couldn't find template in cache for "v3html/v3-html-index.ftl"("en", UTF-8, parsed); will try to load it.
2023-03-22 12:30:05 DEBUG cache:45 - TemplateLoader.findTemplateSource("v3html/v3-html-index_en.ftl"): Not found
2023-03-22 12:30:05 DEBUG cache:45 - TemplateLoader.findTemplateSource("v3html/v3-html-index.ftl"): Found
2023-03-22 12:30:05 DEBUG cache:45 - Loading template for "v3html/v3-html-index.ftl"("en", UTF-8, parsed) from "jar:file:/C:/Users/Thomas/.m2/repository/com/aventstack/extentreports/4.0.9/extentreports-4.0.9.jar!/com/aventstack/extentreports/view/v3html/v3-html-index.ftl"
2023-03-22 12:30:06 DEBUG cache:45 - Couldn't find template in cache for "v3html/v3-html-head.ftl"("en", UTF-8, parsed); will try to load it.
2023-03-22 12:30:06 DEBUG cache:45 - TemplateLoader.findTemplateSource("v3html/v3-html-head_en.ftl"): Not found
2023-03-22 12:30:06 DEBUG cache:45 - TemplateLoader.findTemplateSource("v3html/v3-html-head.ftl"): Found
2023-03-22 12:30:06 DEBUG cache:45 - Loading template for "v3html/v3-html-head.ftl"("en", UTF-8, parsed) from "jar:file:/C:/Users/Thomas/.m2/repository/com/aventstack/extentreports/4.0.9/extentreports-4.0.9.jar!/com/aventstack/extentreports/view/v3html/v3-html-head.ftl"
2023-03-22 12:30:06 DEBUG cache:45 - Couldn't find template in cache for "v3html/v3-html-nav.ftl"("en", UTF-8, parsed); will try to load it.
2023-03-22 12:30:06 DEBUG cache:45 - TemplateLoader.findTemplateSource("v3html/v3-html-nav_en.ftl"): Not found
2023-03-22 12:30:06 DEBUG cache:45 - TemplateLoader.findTemplateSource("v3html/v3-html-nav.ftl"): Found
2023-03-22 12:30:06 DEBUG cache:45 - Loading template for "v3html/v3-html-nav.ftl"("en", UTF-8, parsed) from "jar:file:/C:/Users/Thomas/.m2/repository/com/aventstack/extentreports/4.0.9/extentreports-4.0.9.jar!/com/aventstack/extentreports/view/v3html/v3-html-nav.ftl"
2023-03-22 12:30:06 DEBUG cache:45 - Couldn't find template in cache for "v3html/test-view/v3-html-test-view.ftl"("en", UTF-8, parsed); will try to load it.
2023-03-22 12:30:06 DEBUG cache:45 - TemplateLoader.findTemplateSource("v3html/test-view/v3-html-test-view_en.ftl"): Not found
2023-03-22 12:30:06 DEBUG cache:45 - TemplateLoader.findTemplateSource("v3html/test-view/v3-html-test-view.ftl"): Found
2023-03-22 12:30:06 DEBUG cache:45 - Loading template for "v3html/test-view/v3-html-test-view.ftl"("en", UTF-8, parsed) from "jar:file:/C:/Users/Thomas/.m2/repository/com/aventstack/extentreports/4.0.9/extentreports-4.0.9.jar!/com/aventstack/extentreports/view/v3html/test-view/v3-html-test-view.ftl"
2023-03-22 12:30:06 DEBUG cache:45 - Couldn't find template in cache for "v3html/test-view/v3-html-test-view-charts.ftl"("en", UTF-8, parsed); will try to load it.
2023-03-22 12:30:06 DEBUG cache:45 - TemplateLoader.findTemplateSource("v3html/test-view/v3-html-test-view-charts_en.ftl"): Not found
2023-03-22 12:30:06 DEBUG cache:45 - TemplateLoader.findTemplateSource("v3html/test-view/v3-html-test-view-charts.ftl"): Found
2023-03-22 12:30:06 DEBUG cache:45 - Loading template for "v3html/test-view/v3-html-test-view-charts.ftl"("en", UTF-8, parsed) from "jar:file:/C:/Users/Thomas/.m2/repository/com/aventstack/extentreports/4.0.9/extentreports-4.0.9.jar!/com/aventstack/extentreports/view/v3html/test-view/v3-html-test-view-charts.ftl"
2023-03-22 12:30:06 DEBUG cache:45 - Couldn't find template in cache for "v3html/test-view/v3-html-standard.ftl"("en", UTF-8, parsed); will try to load it.
2023-03-22 12:30:06 DEBUG cache:45 - TemplateLoader.findTemplateSource("v3html/test-view/v3-html-standard_en.ftl"): Not found
2023-03-22 12:30:06 DEBUG cache:45 - TemplateLoader.findTemplateSource("v3html/test-view/v3-html-standard.ftl"): Found
2023-03-22 12:30:06 DEBUG cache:45 - Loading template for "v3html/test-view/v3-html-standard.ftl"("en", UTF-8, parsed) from "jar:file:/C:/Users/Thomas/.m2/repository/com/aventstack/extentreports/4.0.9/extentreports-4.0.9.jar!/com/aventstack/extentreports/view/v3html/test-view/v3-html-standard.ftl"
2023-03-22 12:30:06 DEBUG cache:45 - "v3html/test-view/v3-html-standard.ftl"("en", UTF-8, parsed) cached copy not yet stale; using cached.
2023-03-22 12:30:06 DEBUG cache:45 - "v3html/test-view/v3-html-standard.ftl"("en", UTF-8, parsed) cached copy not yet stale; using cached.
2023-03-22 12:30:06 DEBUG cache:45 - "v3html/test-view/v3-html-standard.ftl"("en", UTF-8, parsed) cached copy not yet stale; using cached.
2023-03-22 12:30:06 DEBUG cache:45 - "v3html/test-view/v3-html-standard.ftl"("en", UTF-8, parsed) cached copy not yet stale; using cached.
2023-03-22 12:30:06 DEBUG cache:45 - "v3html/test-view/v3-html-standard.ftl"("en", UTF-8, parsed) cached copy not yet stale; using cached.
2023-03-22 12:30:06 DEBUG cache:45 - "v3html/test-view/v3-html-standard.ftl"("en", UTF-8, parsed) cached copy not yet stale; using cached.
2023-03-22 12:30:06 DEBUG cache:45 - "v3html/test-view/v3-html-standard.ftl"("en", UTF-8, parsed) cached copy not yet stale; using cached.
2023-03-22 12:30:06 DEBUG cache:45 - "v3html/test-view/v3-html-standard.ftl"("en", UTF-8, parsed) cached copy not yet stale; using cached.
2023-03-22 12:30:06 DEBUG cache:45 - "v3html/test-view/v3-html-standard.ftl"("en", UTF-8, parsed) cached copy not yet stale; using cached.
2023-03-22 12:30:06 DEBUG cache:45 - "v3html/test-view/v3-html-standard.ftl"("en", UTF-8, parsed) cached copy not yet stale; using cached.
2023-03-22 12:30:06 DEBUG cache:45 - "v3html/test-view/v3-html-standard.ftl"("en", UTF-8, parsed) cached copy not yet stale; using cached.
2023-03-22 12:30:06 DEBUG cache:45 - "v3html/test-view/v3-html-standard.ftl"("en", UTF-8, parsed) cached copy not yet stale; using cached.
2023-03-22 12:30:06 DEBUG cache:45 - "v3html/test-view/v3-html-standard.ftl"("en", UTF-8, parsed) cached copy not yet stale; using cached.
2023-03-22 12:30:06 DEBUG cache:45 - "v3html/test-view/v3-html-standard.ftl"("en", UTF-8, parsed) cached copy not yet stale; using cached.
2023-03-22 12:30:06 DEBUG cache:45 - "v3html/test-view/v3-html-standard.ftl"("en", UTF-8, parsed) cached copy not yet stale; using cached.
2023-03-22 12:30:06 DEBUG cache:45 - "v3html/test-view/v3-html-standard.ftl"("en", UTF-8, parsed) cached copy not yet stale; using cached.
2023-03-22 12:30:06 DEBUG cache:45 - "v3html/test-view/v3-html-standard.ftl"("en", UTF-8, parsed) cached copy not yet stale; using cached.
2023-03-22 12:30:06 DEBUG cache:45 - "v3html/test-view/v3-html-standard.ftl"("en", UTF-8, parsed) cached copy not yet stale; using cached.
2023-03-22 12:30:06 DEBUG cache:45 - "v3html/test-view/v3-html-standard.ftl"("en", UTF-8, parsed) cached copy not yet stale; using cached.
2023-03-22 12:30:06 DEBUG cache:45 - "v3html/test-view/v3-html-standard.ftl"("en", UTF-8, parsed) cached copy not yet stale; using cached.
2023-03-22 12:30:06 DEBUG cache:45 - "v3html/test-view/v3-html-standard.ftl"("en", UTF-8, parsed) cached copy not yet stale; using cached.
2023-03-22 12:30:06 DEBUG cache:45 - "v3html/test-view/v3-html-standard.ftl"("en", UTF-8, parsed) cached copy not yet stale; using cached.
2023-03-22 12:30:06 DEBUG cache:45 - "v3html/test-view/v3-html-standard.ftl"("en", UTF-8, parsed) cached copy not yet stale; using cached.
2023-03-22 12:30:06 DEBUG cache:45 - "v3html/test-view/v3-html-standard.ftl"("en", UTF-8, parsed) cached copy not yet stale; using cached.
2023-03-22 12:30:06 DEBUG cache:45 - "v3html/test-view/v3-html-standard.ftl"("en", UTF-8, parsed) cached copy not yet stale; using cached.
2023-03-22 12:30:06 DEBUG cache:45 - "v3html/test-view/v3-html-standard.ftl"("en", UTF-8, parsed) cached copy not yet stale; using cached.
2023-03-22 12:30:06 DEBUG cache:45 - "v3html/test-view/v3-html-standard.ftl"("en", UTF-8, parsed) cached copy not yet stale; using cached.
2023-03-22 12:30:06 DEBUG cache:45 - "v3html/test-view/v3-html-standard.ftl"("en", UTF-8, parsed) cached copy not yet stale; using cached.
2023-03-22 12:30:06 DEBUG cache:45 - "v3html/test-view/v3-html-standard.ftl"("en", UTF-8, parsed) cached copy not yet stale; using cached.
2023-03-22 12:30:06 DEBUG cache:45 - "v3html/test-view/v3-html-standard.ftl"("en", UTF-8, parsed) cached copy not yet stale; using cached.
2023-03-22 12:30:06 DEBUG cache:45 - "v3html/test-view/v3-html-standard.ftl"("en", UTF-8, parsed) cached copy not yet stale; using cached.
2023-03-22 12:30:06 DEBUG cache:45 - "v3html/test-view/v3-html-standard.ftl"("en", UTF-8, parsed) cached copy not yet stale; using cached.
2023-03-22 12:30:06 DEBUG cache:45 - "v3html/test-view/v3-html-standard.ftl"("en", UTF-8, parsed) cached copy not yet stale; using cached.
2023-03-22 12:30:06 DEBUG cache:45 - Couldn't find template in cache for "v3html/category-view/v3-html-category-view.ftl"("en", UTF-8, parsed); will try to load it.
2023-03-22 12:30:06 DEBUG cache:45 - TemplateLoader.findTemplateSource("v3html/category-view/v3-html-category-view_en.ftl"): Not found
2023-03-22 12:30:06 DEBUG cache:45 - TemplateLoader.findTemplateSource("v3html/category-view/v3-html-category-view.ftl"): Found
2023-03-22 12:30:06 DEBUG cache:45 - Loading template for "v3html/category-view/v3-html-category-view.ftl"("en", UTF-8, parsed) from "jar:file:/C:/Users/Thomas/.m2/repository/com/aventstack/extentreports/4.0.9/extentreports-4.0.9.jar!/com/aventstack/extentreports/view/v3html/category-view/v3-html-category-view.ftl"
2023-03-22 12:30:06 DEBUG cache:45 - Couldn't find template in cache for "v3html/exception-view/v3-html-exception-view.ftl"("en", UTF-8, parsed); will try to load it.
2023-03-22 12:30:06 DEBUG cache:45 - TemplateLoader.findTemplateSource("v3html/exception-view/v3-html-exception-view_en.ftl"): Not found
2023-03-22 12:30:06 DEBUG cache:45 - TemplateLoader.findTemplateSource("v3html/exception-view/v3-html-exception-view.ftl"): Found
2023-03-22 12:30:06 DEBUG cache:45 - Loading template for "v3html/exception-view/v3-html-exception-view.ftl"("en", UTF-8, parsed) from "jar:file:/C:/Users/Thomas/.m2/repository/com/aventstack/extentreports/4.0.9/extentreports-4.0.9.jar!/com/aventstack/extentreports/view/v3html/exception-view/v3-html-exception-view.ftl"
2023-03-22 12:30:06 DEBUG cache:45 - Couldn't find template in cache for "v3html/author-view/v3-html-author-view.ftl"("en", UTF-8, parsed); will try to load it.
2023-03-22 12:30:06 DEBUG cache:45 - TemplateLoader.findTemplateSource("v3html/author-view/v3-html-author-view_en.ftl"): Not found
2023-03-22 12:30:06 DEBUG cache:45 - TemplateLoader.findTemplateSource("v3html/author-view/v3-html-author-view.ftl"): Found
2023-03-22 12:30:06 DEBUG cache:45 - Loading template for "v3html/author-view/v3-html-author-view.ftl"("en", UTF-8, parsed) from "jar:file:/C:/Users/Thomas/.m2/repository/com/aventstack/extentreports/4.0.9/extentreports-4.0.9.jar!/com/aventstack/extentreports/view/v3html/author-view/v3-html-author-view.ftl"
2023-03-22 12:30:06 DEBUG cache:45 - Couldn't find template in cache for "v3html/dashboard-view/v3-html-dashboard-view.ftl"("en", UTF-8, parsed); will try to load it.
2023-03-22 12:30:06 DEBUG cache:45 - TemplateLoader.findTemplateSource("v3html/dashboard-view/v3-html-dashboard-view_en.ftl"): Not found
2023-03-22 12:30:06 DEBUG cache:45 - TemplateLoader.findTemplateSource("v3html/dashboard-view/v3-html-dashboard-view.ftl"): Found
2023-03-22 12:30:06 DEBUG cache:45 - Loading template for "v3html/dashboard-view/v3-html-dashboard-view.ftl"("en", UTF-8, parsed) from "jar:file:/C:/Users/Thomas/.m2/repository/com/aventstack/extentreports/4.0.9/extentreports-4.0.9.jar!/com/aventstack/extentreports/view/v3html/dashboard-view/v3-html-dashboard-view.ftl"
2023-03-22 12:30:06 DEBUG cache:45 - Couldn't find template in cache for "v3html/logs-view/v3-html-testrunner-logs-view.ftl"("en", UTF-8, parsed); will try to load it.
2023-03-22 12:30:06 DEBUG cache:45 - TemplateLoader.findTemplateSource("v3html/logs-view/v3-html-testrunner-logs-view_en.ftl"): Not found
2023-03-22 12:30:06 DEBUG cache:45 - TemplateLoader.findTemplateSource("v3html/logs-view/v3-html-testrunner-logs-view.ftl"): Found
2023-03-22 12:30:06 DEBUG cache:45 - Loading template for "v3html/logs-view/v3-html-testrunner-logs-view.ftl"("en", UTF-8, parsed) from "jar:file:/C:/Users/Thomas/.m2/repository/com/aventstack/extentreports/4.0.9/extentreports-4.0.9.jar!/com/aventstack/extentreports/view/v3html/logs-view/v3-html-testrunner-logs-view.ftl"
2023-03-22 13:05:56 DEBUG InternalLoggerFactory:89 - Using Log4J as the default logging framework
2023-03-22 13:05:57 DEBUG ResourceLeakDetector:129 - -Dio.netty.leakDetection.level: simple
2023-03-22 13:05:57 DEBUG ResourceLeakDetector:130 - -Dio.netty.leakDetection.targetRecords: 4
2023-03-22 13:05:57 DEBUG ResourceLeakDetectorFactory:196 - Loaded default ResourceLeakDetector: io.netty.util.ResourceLeakDetector@36d585c
2023-03-22 13:05:57 DEBUG PlatformDependent0:496 - -Dio.netty.noUnsafe: false
2023-03-22 13:05:57 DEBUG PlatformDependent0:1000 - Java version: 8
2023-03-22 13:05:57 DEBUG PlatformDependent0:137 - sun.misc.Unsafe.theUnsafe: available
2023-03-22 13:05:57 DEBUG PlatformDependent0:161 - sun.misc.Unsafe.copyMemory: available
2023-03-22 13:05:57 DEBUG PlatformDependent0:193 - sun.misc.Unsafe.storeFence: available
2023-03-22 13:05:57 DEBUG PlatformDependent0:236 - java.nio.Buffer.address: available
2023-03-22 13:05:57 DEBUG PlatformDependent0:307 - direct buffer constructor: available
2023-03-22 13:05:57 DEBUG PlatformDependent0:385 - java.nio.Bits.unaligned: available, true
2023-03-22 13:05:57 DEBUG PlatformDependent0:459 - jdk.internal.misc.Unsafe.allocateUninitializedArray(int): unavailable prior to Java9
2023-03-22 13:05:57 DEBUG PlatformDependent0:482 - java.nio.DirectByteBuffer.<init>(long, int): available
2023-03-22 13:05:57 DEBUG PlatformDependent:1159 - sun.misc.Unsafe: available
2023-03-22 13:05:57 DEBUG PlatformDependent:1289 - -Dio.netty.tmpdir: C:\Users\Thomas\AppData\Local\Temp (java.io.tmpdir)
2023-03-22 13:05:57 DEBUG PlatformDependent:1368 - -Dio.netty.bitMode: 64 (sun.arch.data.model)
2023-03-22 13:05:57 DEBUG PlatformDependent:1119 - Platform: Windows
2023-03-22 13:05:57 DEBUG PlatformDependent:178 - -Dio.netty.maxDirectMemory: 926941184 bytes
2023-03-22 13:05:57 DEBUG PlatformDependent:185 - -Dio.netty.uninitializedArrayAllocationThreshold: -1
2023-03-22 13:05:57 DEBUG CleanerJava6:92 - java.nio.ByteBuffer.cleaner(): available
2023-03-22 13:05:57 DEBUG PlatformDependent:205 - -Dio.netty.noPreferDirect: false
2023-03-22 13:05:57 DEBUG PlatformDependent:1010 - org.jctools-core.MpscChunkedArrayQueue: available
2023-03-22 13:05:57 DEBUG InternalThreadLocalMap:86 - -Dio.netty.threadLocalMap.stringBuilder.initialSize: 1024
2023-03-22 13:05:57 DEBUG InternalThreadLocalMap:89 - -Dio.netty.threadLocalMap.stringBuilder.maxSize: 4096
2023-03-22 13:05:58 DEBUG JdkSslContext:83 - Default protocols (JDK): [TLSv1.2, TLSv1.1, TLSv1] 
2023-03-22 13:05:58 DEBUG JdkSslContext:84 - Default cipher suites (JDK): [TLS_ECDHE_ECDSA_WITH_AES_256_GCM_SHA384, TLS_ECDHE_ECDSA_WITH_AES_128_GCM_SHA256, TLS_ECDHE_RSA_WITH_AES_128_GCM_SHA256, TLS_ECDHE_RSA_WITH_AES_256_GCM_SHA384, TLS_ECDHE_RSA_WITH_AES_128_CBC_SHA, TLS_ECDHE_RSA_WITH_AES_256_CBC_SHA, TLS_RSA_WITH_AES_128_GCM_SHA256, TLS_RSA_WITH_AES_128_CBC_SHA, TLS_RSA_WITH_AES_256_CBC_SHA]
2023-03-22 13:05:58 DEBUG MultithreadEventLoopGroup:44 - -Dio.netty.eventLoopThreads: 16
2023-03-22 13:05:58 DEBUG NioEventLoop:110 - -Dio.netty.noKeySetOptimization: false
2023-03-22 13:05:58 DEBUG NioEventLoop:111 - -Dio.netty.selectorAutoRebuildThreshold: 512
2023-03-22 13:05:59 DEBUG PooledByteBufAllocator:157 - -Dio.netty.allocator.numHeapArenas: 16
2023-03-22 13:05:59 DEBUG PooledByteBufAllocator:158 - -Dio.netty.allocator.numDirectArenas: 16
2023-03-22 13:05:59 DEBUG PooledByteBufAllocator:160 - -Dio.netty.allocator.pageSize: 8192
2023-03-22 13:05:59 DEBUG PooledByteBufAllocator:165 - -Dio.netty.allocator.maxOrder: 9
2023-03-22 13:05:59 DEBUG PooledByteBufAllocator:169 - -Dio.netty.allocator.chunkSize: 4194304
2023-03-22 13:05:59 DEBUG PooledByteBufAllocator:170 - -Dio.netty.allocator.smallCacheSize: 256
2023-03-22 13:05:59 DEBUG PooledByteBufAllocator:171 - -Dio.netty.allocator.normalCacheSize: 64
2023-03-22 13:05:59 DEBUG PooledByteBufAllocator:172 - -Dio.netty.allocator.maxCachedBufferCapacity: 32768
2023-03-22 13:05:59 DEBUG PooledByteBufAllocator:173 - -Dio.netty.allocator.cacheTrimInterval: 8192
2023-03-22 13:05:59 DEBUG PooledByteBufAllocator:174 - -Dio.netty.allocator.cacheTrimIntervalMillis: 0
2023-03-22 13:05:59 DEBUG PooledByteBufAllocator:175 - -Dio.netty.allocator.useCacheForAllThreads: false
2023-03-22 13:05:59 DEBUG PooledByteBufAllocator:176 - -Dio.netty.allocator.maxCachedByteBuffersPerChunk: 1023
2023-03-22 13:05:59 DEBUG ByteBufUtil:87 - -Dio.netty.allocator.type: pooled
2023-03-22 13:05:59 DEBUG ByteBufUtil:96 - -Dio.netty.threadLocalDirectBufferSize: 0
2023-03-22 13:05:59 DEBUG ByteBufUtil:99 - -Dio.netty.maxThreadLocalCharBufferSize: 16384
2023-03-22 13:06:03 DEBUG DefaultChannelId:79 - -Dio.netty.processId: 20028 (auto-detected)
2023-03-22 13:06:03 DEBUG NetUtil:136 - -Djava.net.preferIPv4Stack: false
2023-03-22 13:06:03 DEBUG NetUtil:137 - -Djava.net.preferIPv6Addresses: false
2023-03-22 13:06:03 DEBUG NetUtilInitializations:129 - Loopback interface: lo (Software Loopback Interface 1, 127.0.0.1)
2023-03-22 13:06:03 DEBUG NetUtil:191 - Failed to get SOMAXCONN from sysctl and file \proc\sys\net\core\somaxconn. Default: 200
2023-03-22 13:06:04 DEBUG DefaultChannelId:101 - -Dio.netty.machineId: b0:68:e6:ff:fe:2e:b5:5f (auto-detected)
2023-03-22 13:06:04 DEBUG AbstractByteBuf:63 - -Dio.netty.buffer.checkAccessible: true
2023-03-22 13:06:04 DEBUG AbstractByteBuf:64 - -Dio.netty.buffer.checkBounds: true
2023-03-22 13:06:04 DEBUG ResourceLeakDetectorFactory:196 - Loaded default ResourceLeakDetector: io.netty.util.ResourceLeakDetector@54efde3c
2023-03-22 13:06:04 DEBUG Recycler:85 - -Dio.netty.recycler.maxCapacityPerThread: 4096
2023-03-22 13:06:04 DEBUG Recycler:86 - -Dio.netty.recycler.ratio: 8
2023-03-22 13:06:04 DEBUG Recycler:87 - -Dio.netty.recycler.chunkSize: 32
2023-03-22 13:06:04 DEBUG Recycler:88 - -Dio.netty.recycler.blocking: false
2023-03-22 13:06:42 DEBUG Brotli:38 - brotli4j not in the classpath; Brotli support will be unavailable.
2023-03-22 13:06:43 DEBUG ThreadLocalRandom:214 - -Dio.netty.initialSeedUniquifier: 0xc333e9365e2e9d41
2023-03-22 13:06:47 INFO  Log:11 - =====================================VerifyUserLoginTest-validateLogin TEST START=========================================
2023-03-22 13:06:59 INFO  Log:24 - User logged in
2023-03-22 13:06:59 INFO  Log:16 - =====================================VerifyUserLoginTest-validateLogin TEST END=========================================
2023-03-22 13:07:25 INFO  Log:11 - =====================================VerifyUserLoginTest-validateAllLogin TEST START=========================================
2023-03-22 13:07:25 INFO  Log:24 - UserName Entered
2023-03-22 13:07:25 INFO  Log:24 - Password Entered
2023-03-22 13:07:26 INFO  Log:16 - =====================================VerifyUserLoginTest-validateAllLogin TEST END=========================================
2023-03-22 13:07:35 INFO  Log:11 - =====================================VerifyUserLoginTest-validateAllLogin TEST START=========================================
2023-03-22 13:07:35 INFO  Log:24 - UserName Entered
2023-03-22 13:07:36 INFO  Log:24 - Password Entered
2023-03-22 13:07:36 INFO  Log:16 - =====================================VerifyUserLoginTest-validateAllLogin TEST END=========================================
2023-03-22 13:07:43 INFO  Log:11 - =====================================VerifyUserLoginTest-validateAllLogin TEST START=========================================
2023-03-22 13:07:43 INFO  Log:24 - UserName Entered
2023-03-22 13:07:44 INFO  Log:24 - Password Entered
2023-03-22 13:07:44 INFO  Log:16 - =====================================VerifyUserLoginTest-validateAllLogin TEST END=========================================
2023-03-22 13:07:46 DEBUG cache:45 - Couldn't find template in cache for "v3html/v3-html-index.ftl"("en", UTF-8, parsed); will try to load it.
2023-03-22 13:07:46 DEBUG cache:45 - TemplateLoader.findTemplateSource("v3html/v3-html-index_en.ftl"): Not found
2023-03-22 13:07:46 DEBUG cache:45 - TemplateLoader.findTemplateSource("v3html/v3-html-index.ftl"): Found
2023-03-22 13:07:46 DEBUG cache:45 - Loading template for "v3html/v3-html-index.ftl"("en", UTF-8, parsed) from "jar:file:/C:/Users/Thomas/.m2/repository/com/aventstack/extentreports/4.0.9/extentreports-4.0.9.jar!/com/aventstack/extentreports/view/v3html/v3-html-index.ftl"
2023-03-22 13:07:46 DEBUG cache:45 - Couldn't find template in cache for "v3html/v3-html-head.ftl"("en", UTF-8, parsed); will try to load it.
2023-03-22 13:07:46 DEBUG cache:45 - TemplateLoader.findTemplateSource("v3html/v3-html-head_en.ftl"): Not found
2023-03-22 13:07:46 DEBUG cache:45 - TemplateLoader.findTemplateSource("v3html/v3-html-head.ftl"): Found
2023-03-22 13:07:46 DEBUG cache:45 - Loading template for "v3html/v3-html-head.ftl"("en", UTF-8, parsed) from "jar:file:/C:/Users/Thomas/.m2/repository/com/aventstack/extentreports/4.0.9/extentreports-4.0.9.jar!/com/aventstack/extentreports/view/v3html/v3-html-head.ftl"
2023-03-22 13:07:46 DEBUG cache:45 - Couldn't find template in cache for "v3html/v3-html-nav.ftl"("en", UTF-8, parsed); will try to load it.
2023-03-22 13:07:46 DEBUG cache:45 - TemplateLoader.findTemplateSource("v3html/v3-html-nav_en.ftl"): Not found
2023-03-22 13:07:46 DEBUG cache:45 - TemplateLoader.findTemplateSource("v3html/v3-html-nav.ftl"): Found
2023-03-22 13:07:46 DEBUG cache:45 - Loading template for "v3html/v3-html-nav.ftl"("en", UTF-8, parsed) from "jar:file:/C:/Users/Thomas/.m2/repository/com/aventstack/extentreports/4.0.9/extentreports-4.0.9.jar!/com/aventstack/extentreports/view/v3html/v3-html-nav.ftl"
2023-03-22 13:07:46 DEBUG cache:45 - Couldn't find template in cache for "v3html/test-view/v3-html-test-view.ftl"("en", UTF-8, parsed); will try to load it.
2023-03-22 13:07:46 DEBUG cache:45 - TemplateLoader.findTemplateSource("v3html/test-view/v3-html-test-view_en.ftl"): Not found
2023-03-22 13:07:46 DEBUG cache:45 - TemplateLoader.findTemplateSource("v3html/test-view/v3-html-test-view.ftl"): Found
2023-03-22 13:07:46 DEBUG cache:45 - Loading template for "v3html/test-view/v3-html-test-view.ftl"("en", UTF-8, parsed) from "jar:file:/C:/Users/Thomas/.m2/repository/com/aventstack/extentreports/4.0.9/extentreports-4.0.9.jar!/com/aventstack/extentreports/view/v3html/test-view/v3-html-test-view.ftl"
2023-03-22 13:07:46 DEBUG cache:45 - Couldn't find template in cache for "v3html/test-view/v3-html-test-view-charts.ftl"("en", UTF-8, parsed); will try to load it.
2023-03-22 13:07:46 DEBUG cache:45 - TemplateLoader.findTemplateSource("v3html/test-view/v3-html-test-view-charts_en.ftl"): Not found
2023-03-22 13:07:46 DEBUG cache:45 - TemplateLoader.findTemplateSource("v3html/test-view/v3-html-test-view-charts.ftl"): Found
2023-03-22 13:07:46 DEBUG cache:45 - Loading template for "v3html/test-view/v3-html-test-view-charts.ftl"("en", UTF-8, parsed) from "jar:file:/C:/Users/Thomas/.m2/repository/com/aventstack/extentreports/4.0.9/extentreports-4.0.9.jar!/com/aventstack/extentreports/view/v3html/test-view/v3-html-test-view-charts.ftl"
2023-03-22 13:07:46 DEBUG cache:45 - Couldn't find template in cache for "v3html/test-view/v3-html-standard.ftl"("en", UTF-8, parsed); will try to load it.
2023-03-22 13:07:46 DEBUG cache:45 - TemplateLoader.findTemplateSource("v3html/test-view/v3-html-standard_en.ftl"): Not found
2023-03-22 13:07:46 DEBUG cache:45 - TemplateLoader.findTemplateSource("v3html/test-view/v3-html-standard.ftl"): Found
2023-03-22 13:07:46 DEBUG cache:45 - Loading template for "v3html/test-view/v3-html-standard.ftl"("en", UTF-8, parsed) from "jar:file:/C:/Users/Thomas/.m2/repository/com/aventstack/extentreports/4.0.9/extentreports-4.0.9.jar!/com/aventstack/extentreports/view/v3html/test-view/v3-html-standard.ftl"
2023-03-22 13:07:46 DEBUG cache:45 - "v3html/test-view/v3-html-standard.ftl"("en", UTF-8, parsed) cached copy not yet stale; using cached.
2023-03-22 13:07:46 DEBUG cache:45 - "v3html/test-view/v3-html-standard.ftl"("en", UTF-8, parsed) cached copy not yet stale; using cached.
2023-03-22 13:07:46 DEBUG cache:45 - "v3html/test-view/v3-html-standard.ftl"("en", UTF-8, parsed) cached copy not yet stale; using cached.
2023-03-22 13:07:46 DEBUG cache:45 - Couldn't find template in cache for "v3html/category-view/v3-html-category-view.ftl"("en", UTF-8, parsed); will try to load it.
2023-03-22 13:07:46 DEBUG cache:45 - TemplateLoader.findTemplateSource("v3html/category-view/v3-html-category-view_en.ftl"): Not found
2023-03-22 13:07:46 DEBUG cache:45 - TemplateLoader.findTemplateSource("v3html/category-view/v3-html-category-view.ftl"): Found
2023-03-22 13:07:46 DEBUG cache:45 - Loading template for "v3html/category-view/v3-html-category-view.ftl"("en", UTF-8, parsed) from "jar:file:/C:/Users/Thomas/.m2/repository/com/aventstack/extentreports/4.0.9/extentreports-4.0.9.jar!/com/aventstack/extentreports/view/v3html/category-view/v3-html-category-view.ftl"
2023-03-22 13:07:46 DEBUG cache:45 - Couldn't find template in cache for "v3html/exception-view/v3-html-exception-view.ftl"("en", UTF-8, parsed); will try to load it.
2023-03-22 13:07:46 DEBUG cache:45 - TemplateLoader.findTemplateSource("v3html/exception-view/v3-html-exception-view_en.ftl"): Not found
2023-03-22 13:07:46 DEBUG cache:45 - TemplateLoader.findTemplateSource("v3html/exception-view/v3-html-exception-view.ftl"): Found
2023-03-22 13:07:46 DEBUG cache:45 - Loading template for "v3html/exception-view/v3-html-exception-view.ftl"("en", UTF-8, parsed) from "jar:file:/C:/Users/Thomas/.m2/repository/com/aventstack/extentreports/4.0.9/extentreports-4.0.9.jar!/com/aventstack/extentreports/view/v3html/exception-view/v3-html-exception-view.ftl"
2023-03-22 13:07:46 DEBUG cache:45 - Couldn't find template in cache for "v3html/author-view/v3-html-author-view.ftl"("en", UTF-8, parsed); will try to load it.
2023-03-22 13:07:46 DEBUG cache:45 - TemplateLoader.findTemplateSource("v3html/author-view/v3-html-author-view_en.ftl"): Not found
2023-03-22 13:07:46 DEBUG cache:45 - TemplateLoader.findTemplateSource("v3html/author-view/v3-html-author-view.ftl"): Found
2023-03-22 13:07:46 DEBUG cache:45 - Loading template for "v3html/author-view/v3-html-author-view.ftl"("en", UTF-8, parsed) from "jar:file:/C:/Users/Thomas/.m2/repository/com/aventstack/extentreports/4.0.9/extentreports-4.0.9.jar!/com/aventstack/extentreports/view/v3html/author-view/v3-html-author-view.ftl"
2023-03-22 13:07:46 DEBUG cache:45 - Couldn't find template in cache for "v3html/dashboard-view/v3-html-dashboard-view.ftl"("en", UTF-8, parsed); will try to load it.
2023-03-22 13:07:46 DEBUG cache:45 - TemplateLoader.findTemplateSource("v3html/dashboard-view/v3-html-dashboard-view_en.ftl"): Not found
2023-03-22 13:07:46 DEBUG cache:45 - TemplateLoader.findTemplateSource("v3html/dashboard-view/v3-html-dashboard-view.ftl"): Found
2023-03-22 13:07:46 DEBUG cache:45 - Loading template for "v3html/dashboard-view/v3-html-dashboard-view.ftl"("en", UTF-8, parsed) from "jar:file:/C:/Users/Thomas/.m2/repository/com/aventstack/extentreports/4.0.9/extentreports-4.0.9.jar!/com/aventstack/extentreports/view/v3html/dashboard-view/v3-html-dashboard-view.ftl"
2023-03-22 13:07:46 DEBUG cache:45 - Couldn't find template in cache for "v3html/logs-view/v3-html-testrunner-logs-view.ftl"("en", UTF-8, parsed); will try to load it.
2023-03-22 13:07:46 DEBUG cache:45 - TemplateLoader.findTemplateSource("v3html/logs-view/v3-html-testrunner-logs-view_en.ftl"): Not found
2023-03-22 13:07:46 DEBUG cache:45 - TemplateLoader.findTemplateSource("v3html/logs-view/v3-html-testrunner-logs-view.ftl"): Found
2023-03-22 13:07:46 DEBUG cache:45 - Loading template for "v3html/logs-view/v3-html-testrunner-logs-view.ftl"("en", UTF-8, parsed) from "jar:file:/C:/Users/Thomas/.m2/repository/com/aventstack/extentreports/4.0.9/extentreports-4.0.9.jar!/com/aventstack/extentreports/view/v3html/logs-view/v3-html-testrunner-logs-view.ftl"
2023-03-22 15:42:38 DEBUG InternalLoggerFactory:89 - Using Log4J as the default logging framework
2023-03-22 15:42:39 DEBUG ResourceLeakDetector:129 - -Dio.netty.leakDetection.level: simple
2023-03-22 15:42:39 DEBUG ResourceLeakDetector:130 - -Dio.netty.leakDetection.targetRecords: 4
2023-03-22 15:42:39 DEBUG ResourceLeakDetectorFactory:196 - Loaded default ResourceLeakDetector: io.netty.util.ResourceLeakDetector@36d585c
2023-03-22 15:42:39 DEBUG PlatformDependent0:496 - -Dio.netty.noUnsafe: false
2023-03-22 15:42:39 DEBUG PlatformDependent0:1000 - Java version: 8
2023-03-22 15:42:39 DEBUG PlatformDependent0:137 - sun.misc.Unsafe.theUnsafe: available
2023-03-22 15:42:39 DEBUG PlatformDependent0:161 - sun.misc.Unsafe.copyMemory: available
2023-03-22 15:42:39 DEBUG PlatformDependent0:193 - sun.misc.Unsafe.storeFence: available
2023-03-22 15:42:39 DEBUG PlatformDependent0:236 - java.nio.Buffer.address: available
2023-03-22 15:42:39 DEBUG PlatformDependent0:307 - direct buffer constructor: available
2023-03-22 15:42:39 DEBUG PlatformDependent0:385 - java.nio.Bits.unaligned: available, true
2023-03-22 15:42:39 DEBUG PlatformDependent0:459 - jdk.internal.misc.Unsafe.allocateUninitializedArray(int): unavailable prior to Java9
2023-03-22 15:42:39 DEBUG PlatformDependent0:482 - java.nio.DirectByteBuffer.<init>(long, int): available
2023-03-22 15:42:39 DEBUG PlatformDependent:1159 - sun.misc.Unsafe: available
2023-03-22 15:42:39 DEBUG PlatformDependent:1289 - -Dio.netty.tmpdir: C:\Users\Thomas\AppData\Local\Temp (java.io.tmpdir)
2023-03-22 15:42:39 DEBUG PlatformDependent:1368 - -Dio.netty.bitMode: 64 (sun.arch.data.model)
2023-03-22 15:42:39 DEBUG PlatformDependent:1119 - Platform: Windows
2023-03-22 15:42:39 DEBUG PlatformDependent:178 - -Dio.netty.maxDirectMemory: 926941184 bytes
2023-03-22 15:42:39 DEBUG PlatformDependent:185 - -Dio.netty.uninitializedArrayAllocationThreshold: -1
2023-03-22 15:42:39 DEBUG CleanerJava6:92 - java.nio.ByteBuffer.cleaner(): available
2023-03-22 15:42:39 DEBUG PlatformDependent:205 - -Dio.netty.noPreferDirect: false
2023-03-22 15:42:39 DEBUG PlatformDependent:1010 - org.jctools-core.MpscChunkedArrayQueue: available
2023-03-22 15:42:39 DEBUG InternalThreadLocalMap:86 - -Dio.netty.threadLocalMap.stringBuilder.initialSize: 1024
2023-03-22 15:42:39 DEBUG InternalThreadLocalMap:89 - -Dio.netty.threadLocalMap.stringBuilder.maxSize: 4096
2023-03-22 15:42:41 DEBUG JdkSslContext:83 - Default protocols (JDK): [TLSv1.2, TLSv1.1, TLSv1] 
2023-03-22 15:42:41 DEBUG JdkSslContext:84 - Default cipher suites (JDK): [TLS_ECDHE_ECDSA_WITH_AES_256_GCM_SHA384, TLS_ECDHE_ECDSA_WITH_AES_128_GCM_SHA256, TLS_ECDHE_RSA_WITH_AES_128_GCM_SHA256, TLS_ECDHE_RSA_WITH_AES_256_GCM_SHA384, TLS_ECDHE_RSA_WITH_AES_128_CBC_SHA, TLS_ECDHE_RSA_WITH_AES_256_CBC_SHA, TLS_RSA_WITH_AES_128_GCM_SHA256, TLS_RSA_WITH_AES_128_CBC_SHA, TLS_RSA_WITH_AES_256_CBC_SHA]
2023-03-22 15:42:41 DEBUG MultithreadEventLoopGroup:44 - -Dio.netty.eventLoopThreads: 16
2023-03-22 15:42:41 DEBUG NioEventLoop:110 - -Dio.netty.noKeySetOptimization: false
2023-03-22 15:42:41 DEBUG NioEventLoop:111 - -Dio.netty.selectorAutoRebuildThreshold: 512
2023-03-22 15:42:41 DEBUG PooledByteBufAllocator:157 - -Dio.netty.allocator.numHeapArenas: 16
2023-03-22 15:42:41 DEBUG PooledByteBufAllocator:158 - -Dio.netty.allocator.numDirectArenas: 16
2023-03-22 15:42:41 DEBUG PooledByteBufAllocator:160 - -Dio.netty.allocator.pageSize: 8192
2023-03-22 15:42:41 DEBUG PooledByteBufAllocator:165 - -Dio.netty.allocator.maxOrder: 9
2023-03-22 15:42:41 DEBUG PooledByteBufAllocator:169 - -Dio.netty.allocator.chunkSize: 4194304
2023-03-22 15:42:41 DEBUG PooledByteBufAllocator:170 - -Dio.netty.allocator.smallCacheSize: 256
2023-03-22 15:42:41 DEBUG PooledByteBufAllocator:171 - -Dio.netty.allocator.normalCacheSize: 64
2023-03-22 15:42:41 DEBUG PooledByteBufAllocator:172 - -Dio.netty.allocator.maxCachedBufferCapacity: 32768
2023-03-22 15:42:41 DEBUG PooledByteBufAllocator:173 - -Dio.netty.allocator.cacheTrimInterval: 8192
2023-03-22 15:42:41 DEBUG PooledByteBufAllocator:174 - -Dio.netty.allocator.cacheTrimIntervalMillis: 0
2023-03-22 15:42:41 DEBUG PooledByteBufAllocator:175 - -Dio.netty.allocator.useCacheForAllThreads: false
2023-03-22 15:42:41 DEBUG PooledByteBufAllocator:176 - -Dio.netty.allocator.maxCachedByteBuffersPerChunk: 1023
2023-03-22 15:42:41 DEBUG ByteBufUtil:87 - -Dio.netty.allocator.type: pooled
2023-03-22 15:42:41 DEBUG ByteBufUtil:96 - -Dio.netty.threadLocalDirectBufferSize: 0
2023-03-22 15:42:41 DEBUG ByteBufUtil:99 - -Dio.netty.maxThreadLocalCharBufferSize: 16384
2023-03-22 15:42:46 DEBUG DefaultChannelId:79 - -Dio.netty.processId: 26224 (auto-detected)
2023-03-22 15:42:46 DEBUG NetUtil:136 - -Djava.net.preferIPv4Stack: false
2023-03-22 15:42:46 DEBUG NetUtil:137 - -Djava.net.preferIPv6Addresses: false
2023-03-22 15:42:46 DEBUG NetUtilInitializations:129 - Loopback interface: lo (Software Loopback Interface 1, 127.0.0.1)
2023-03-22 15:42:46 DEBUG NetUtil:191 - Failed to get SOMAXCONN from sysctl and file \proc\sys\net\core\somaxconn. Default: 200
2023-03-22 15:42:47 DEBUG DefaultChannelId:101 - -Dio.netty.machineId: b0:68:e6:ff:fe:2e:b5:5f (auto-detected)
2023-03-22 15:42:47 DEBUG AbstractByteBuf:63 - -Dio.netty.buffer.checkAccessible: true
2023-03-22 15:42:47 DEBUG AbstractByteBuf:64 - -Dio.netty.buffer.checkBounds: true
2023-03-22 15:42:47 DEBUG ResourceLeakDetectorFactory:196 - Loaded default ResourceLeakDetector: io.netty.util.ResourceLeakDetector@25a04054
2023-03-22 15:42:47 DEBUG Recycler:85 - -Dio.netty.recycler.maxCapacityPerThread: 4096
2023-03-22 15:42:47 DEBUG Recycler:86 - -Dio.netty.recycler.ratio: 8
2023-03-22 15:42:47 DEBUG Recycler:87 - -Dio.netty.recycler.chunkSize: 32
2023-03-22 15:42:47 DEBUG Recycler:88 - -Dio.netty.recycler.blocking: false
2023-03-22 15:43:24 DEBUG Brotli:38 - brotli4j not in the classpath; Brotli support will be unavailable.
2023-03-22 15:43:25 DEBUG ThreadLocalRandom:214 - -Dio.netty.initialSeedUniquifier: 0x72c42956e081ecc1
2023-03-22 15:43:35 INFO  Log:11 - =====================================VerifyUserLoginTest-validateLogin TEST START=========================================
2023-03-22 15:43:41 INFO  Log:24 - User logged in
2023-03-22 15:43:41 INFO  Log:16 - =====================================VerifyUserLoginTest-validateLogin TEST END=========================================
2023-03-22 15:44:13 INFO  Log:11 - =====================================VerifyUserLoginTest-validateAllLogin TEST START=========================================
2023-03-22 15:44:13 INFO  Log:24 - UserName Entered
2023-03-22 15:44:13 INFO  Log:24 - Password Entered
2023-03-22 15:44:13 INFO  Log:16 - =====================================VerifyUserLoginTest-validateAllLogin TEST END=========================================
2023-03-22 15:44:22 INFO  Log:11 - =====================================VerifyUserLoginTest-validateAllLogin TEST START=========================================
2023-03-22 15:44:22 INFO  Log:24 - UserName Entered
2023-03-22 15:44:22 INFO  Log:24 - Password Entered
2023-03-22 15:44:23 INFO  Log:16 - =====================================VerifyUserLoginTest-validateAllLogin TEST END=========================================
2023-03-22 15:44:33 INFO  Log:11 - =====================================VerifyUserLoginTest-validateAllLogin TEST START=========================================
2023-03-22 15:44:34 INFO  Log:24 - UserName Entered
2023-03-22 15:44:34 INFO  Log:24 - Password Entered
2023-03-22 15:44:34 INFO  Log:16 - =====================================VerifyUserLoginTest-validateAllLogin TEST END=========================================
2023-03-22 15:44:36 DEBUG cache:45 - Couldn't find template in cache for "v3html/v3-html-index.ftl"("en", UTF-8, parsed); will try to load it.
2023-03-22 15:44:36 DEBUG cache:45 - TemplateLoader.findTemplateSource("v3html/v3-html-index_en.ftl"): Not found
2023-03-22 15:44:36 DEBUG cache:45 - TemplateLoader.findTemplateSource("v3html/v3-html-index.ftl"): Found
2023-03-22 15:44:36 DEBUG cache:45 - Loading template for "v3html/v3-html-index.ftl"("en", UTF-8, parsed) from "jar:file:/C:/Users/Thomas/.m2/repository/com/aventstack/extentreports/4.0.9/extentreports-4.0.9.jar!/com/aventstack/extentreports/view/v3html/v3-html-index.ftl"
2023-03-22 15:44:39 DEBUG cache:45 - Couldn't find template in cache for "v3html/v3-html-head.ftl"("en", UTF-8, parsed); will try to load it.
2023-03-22 15:44:39 DEBUG cache:45 - TemplateLoader.findTemplateSource("v3html/v3-html-head_en.ftl"): Not found
2023-03-22 15:44:39 DEBUG cache:45 - TemplateLoader.findTemplateSource("v3html/v3-html-head.ftl"): Found
2023-03-22 15:44:39 DEBUG cache:45 - Loading template for "v3html/v3-html-head.ftl"("en", UTF-8, parsed) from "jar:file:/C:/Users/Thomas/.m2/repository/com/aventstack/extentreports/4.0.9/extentreports-4.0.9.jar!/com/aventstack/extentreports/view/v3html/v3-html-head.ftl"
2023-03-22 15:44:39 DEBUG cache:45 - Couldn't find template in cache for "v3html/v3-html-nav.ftl"("en", UTF-8, parsed); will try to load it.
2023-03-22 15:44:39 DEBUG cache:45 - TemplateLoader.findTemplateSource("v3html/v3-html-nav_en.ftl"): Not found
2023-03-22 15:44:39 DEBUG cache:45 - TemplateLoader.findTemplateSource("v3html/v3-html-nav.ftl"): Found
2023-03-22 15:44:39 DEBUG cache:45 - Loading template for "v3html/v3-html-nav.ftl"("en", UTF-8, parsed) from "jar:file:/C:/Users/Thomas/.m2/repository/com/aventstack/extentreports/4.0.9/extentreports-4.0.9.jar!/com/aventstack/extentreports/view/v3html/v3-html-nav.ftl"
2023-03-22 15:44:39 DEBUG cache:45 - Couldn't find template in cache for "v3html/test-view/v3-html-test-view.ftl"("en", UTF-8, parsed); will try to load it.
2023-03-22 15:44:39 DEBUG cache:45 - TemplateLoader.findTemplateSource("v3html/test-view/v3-html-test-view_en.ftl"): Not found
2023-03-22 15:44:39 DEBUG cache:45 - TemplateLoader.findTemplateSource("v3html/test-view/v3-html-test-view.ftl"): Found
2023-03-22 15:44:39 DEBUG cache:45 - Loading template for "v3html/test-view/v3-html-test-view.ftl"("en", UTF-8, parsed) from "jar:file:/C:/Users/Thomas/.m2/repository/com/aventstack/extentreports/4.0.9/extentreports-4.0.9.jar!/com/aventstack/extentreports/view/v3html/test-view/v3-html-test-view.ftl"
2023-03-22 15:44:39 DEBUG cache:45 - Couldn't find template in cache for "v3html/test-view/v3-html-test-view-charts.ftl"("en", UTF-8, parsed); will try to load it.
2023-03-22 15:44:39 DEBUG cache:45 - TemplateLoader.findTemplateSource("v3html/test-view/v3-html-test-view-charts_en.ftl"): Not found
2023-03-22 15:44:39 DEBUG cache:45 - TemplateLoader.findTemplateSource("v3html/test-view/v3-html-test-view-charts.ftl"): Found
2023-03-22 15:44:39 DEBUG cache:45 - Loading template for "v3html/test-view/v3-html-test-view-charts.ftl"("en", UTF-8, parsed) from "jar:file:/C:/Users/Thomas/.m2/repository/com/aventstack/extentreports/4.0.9/extentreports-4.0.9.jar!/com/aventstack/extentreports/view/v3html/test-view/v3-html-test-view-charts.ftl"
2023-03-22 15:44:40 DEBUG cache:45 - Couldn't find template in cache for "v3html/test-view/v3-html-standard.ftl"("en", UTF-8, parsed); will try to load it.
2023-03-22 15:44:40 DEBUG cache:45 - TemplateLoader.findTemplateSource("v3html/test-view/v3-html-standard_en.ftl"): Not found
2023-03-22 15:44:40 DEBUG cache:45 - TemplateLoader.findTemplateSource("v3html/test-view/v3-html-standard.ftl"): Found
2023-03-22 15:44:40 DEBUG cache:45 - Loading template for "v3html/test-view/v3-html-standard.ftl"("en", UTF-8, parsed) from "jar:file:/C:/Users/Thomas/.m2/repository/com/aventstack/extentreports/4.0.9/extentreports-4.0.9.jar!/com/aventstack/extentreports/view/v3html/test-view/v3-html-standard.ftl"
2023-03-22 15:44:40 DEBUG cache:45 - "v3html/test-view/v3-html-standard.ftl"("en", UTF-8, parsed) cached copy not yet stale; using cached.
2023-03-22 15:44:40 DEBUG cache:45 - "v3html/test-view/v3-html-standard.ftl"("en", UTF-8, parsed) cached copy not yet stale; using cached.
2023-03-22 15:44:40 DEBUG cache:45 - "v3html/test-view/v3-html-standard.ftl"("en", UTF-8, parsed) cached copy not yet stale; using cached.
2023-03-22 15:44:40 DEBUG cache:45 - Couldn't find template in cache for "v3html/category-view/v3-html-category-view.ftl"("en", UTF-8, parsed); will try to load it.
2023-03-22 15:44:40 DEBUG cache:45 - TemplateLoader.findTemplateSource("v3html/category-view/v3-html-category-view_en.ftl"): Not found
2023-03-22 15:44:40 DEBUG cache:45 - TemplateLoader.findTemplateSource("v3html/category-view/v3-html-category-view.ftl"): Found
2023-03-22 15:44:40 DEBUG cache:45 - Loading template for "v3html/category-view/v3-html-category-view.ftl"("en", UTF-8, parsed) from "jar:file:/C:/Users/Thomas/.m2/repository/com/aventstack/extentreports/4.0.9/extentreports-4.0.9.jar!/com/aventstack/extentreports/view/v3html/category-view/v3-html-category-view.ftl"
2023-03-22 15:44:40 DEBUG cache:45 - Couldn't find template in cache for "v3html/exception-view/v3-html-exception-view.ftl"("en", UTF-8, parsed); will try to load it.
2023-03-22 15:44:40 DEBUG cache:45 - TemplateLoader.findTemplateSource("v3html/exception-view/v3-html-exception-view_en.ftl"): Not found
2023-03-22 15:44:40 DEBUG cache:45 - TemplateLoader.findTemplateSource("v3html/exception-view/v3-html-exception-view.ftl"): Found
2023-03-22 15:44:40 DEBUG cache:45 - Loading template for "v3html/exception-view/v3-html-exception-view.ftl"("en", UTF-8, parsed) from "jar:file:/C:/Users/Thomas/.m2/repository/com/aventstack/extentreports/4.0.9/extentreports-4.0.9.jar!/com/aventstack/extentreports/view/v3html/exception-view/v3-html-exception-view.ftl"
2023-03-22 15:44:40 DEBUG cache:45 - Couldn't find template in cache for "v3html/author-view/v3-html-author-view.ftl"("en", UTF-8, parsed); will try to load it.
2023-03-22 15:44:40 DEBUG cache:45 - TemplateLoader.findTemplateSource("v3html/author-view/v3-html-author-view_en.ftl"): Not found
2023-03-22 15:44:40 DEBUG cache:45 - TemplateLoader.findTemplateSource("v3html/author-view/v3-html-author-view.ftl"): Found
2023-03-22 15:44:40 DEBUG cache:45 - Loading template for "v3html/author-view/v3-html-author-view.ftl"("en", UTF-8, parsed) from "jar:file:/C:/Users/Thomas/.m2/repository/com/aventstack/extentreports/4.0.9/extentreports-4.0.9.jar!/com/aventstack/extentreports/view/v3html/author-view/v3-html-author-view.ftl"
2023-03-22 15:44:40 DEBUG cache:45 - Couldn't find template in cache for "v3html/dashboard-view/v3-html-dashboard-view.ftl"("en", UTF-8, parsed); will try to load it.
2023-03-22 15:44:40 DEBUG cache:45 - TemplateLoader.findTemplateSource("v3html/dashboard-view/v3-html-dashboard-view_en.ftl"): Not found
2023-03-22 15:44:40 DEBUG cache:45 - TemplateLoader.findTemplateSource("v3html/dashboard-view/v3-html-dashboard-view.ftl"): Found
2023-03-22 15:44:40 DEBUG cache:45 - Loading template for "v3html/dashboard-view/v3-html-dashboard-view.ftl"("en", UTF-8, parsed) from "jar:file:/C:/Users/Thomas/.m2/repository/com/aventstack/extentreports/4.0.9/extentreports-4.0.9.jar!/com/aventstack/extentreports/view/v3html/dashboard-view/v3-html-dashboard-view.ftl"
2023-03-22 15:44:40 DEBUG cache:45 - Couldn't find template in cache for "v3html/logs-view/v3-html-testrunner-logs-view.ftl"("en", UTF-8, parsed); will try to load it.
2023-03-22 15:44:40 DEBUG cache:45 - TemplateLoader.findTemplateSource("v3html/logs-view/v3-html-testrunner-logs-view_en.ftl"): Not found
2023-03-22 15:44:40 DEBUG cache:45 - TemplateLoader.findTemplateSource("v3html/logs-view/v3-html-testrunner-logs-view.ftl"): Found
2023-03-22 15:44:40 DEBUG cache:45 - Loading template for "v3html/logs-view/v3-html-testrunner-logs-view.ftl"("en", UTF-8, parsed) from "jar:file:/C:/Users/Thomas/.m2/repository/com/aventstack/extentreports/4.0.9/extentreports-4.0.9.jar!/com/aventstack/extentreports/view/v3html/logs-view/v3-html-testrunner-logs-view.ftl"
2023-03-22 15:46:15 DEBUG InternalLoggerFactory:89 - Using Log4J as the default logging framework
2023-03-22 15:46:15 DEBUG ResourceLeakDetector:129 - -Dio.netty.leakDetection.level: simple
2023-03-22 15:46:15 DEBUG ResourceLeakDetector:130 - -Dio.netty.leakDetection.targetRecords: 4
2023-03-22 15:46:15 DEBUG ResourceLeakDetectorFactory:196 - Loaded default ResourceLeakDetector: io.netty.util.ResourceLeakDetector@28975c28
2023-03-22 15:46:15 DEBUG PlatformDependent0:496 - -Dio.netty.noUnsafe: false
2023-03-22 15:46:15 DEBUG PlatformDependent0:1000 - Java version: 8
2023-03-22 15:46:15 DEBUG PlatformDependent0:137 - sun.misc.Unsafe.theUnsafe: available
2023-03-22 15:46:15 DEBUG PlatformDependent0:161 - sun.misc.Unsafe.copyMemory: available
2023-03-22 15:46:15 DEBUG PlatformDependent0:193 - sun.misc.Unsafe.storeFence: available
2023-03-22 15:46:15 DEBUG PlatformDependent0:236 - java.nio.Buffer.address: available
2023-03-22 15:46:15 DEBUG PlatformDependent0:307 - direct buffer constructor: available
2023-03-22 15:46:15 DEBUG PlatformDependent0:385 - java.nio.Bits.unaligned: available, true
2023-03-22 15:46:15 DEBUG PlatformDependent0:459 - jdk.internal.misc.Unsafe.allocateUninitializedArray(int): unavailable prior to Java9
2023-03-22 15:46:15 DEBUG PlatformDependent0:482 - java.nio.DirectByteBuffer.<init>(long, int): available
2023-03-22 15:46:15 DEBUG PlatformDependent:1159 - sun.misc.Unsafe: available
2023-03-22 15:46:15 DEBUG PlatformDependent:1289 - -Dio.netty.tmpdir: C:\Users\Thomas\AppData\Local\Temp (java.io.tmpdir)
2023-03-22 15:46:15 DEBUG PlatformDependent:1368 - -Dio.netty.bitMode: 64 (sun.arch.data.model)
2023-03-22 15:46:15 DEBUG PlatformDependent:1119 - Platform: Windows
2023-03-22 15:46:15 DEBUG PlatformDependent:178 - -Dio.netty.maxDirectMemory: 926941184 bytes
2023-03-22 15:46:15 DEBUG PlatformDependent:185 - -Dio.netty.uninitializedArrayAllocationThreshold: -1
2023-03-22 15:46:15 DEBUG CleanerJava6:92 - java.nio.ByteBuffer.cleaner(): available
2023-03-22 15:46:15 DEBUG PlatformDependent:205 - -Dio.netty.noPreferDirect: false
2023-03-22 15:46:15 DEBUG PlatformDependent:1010 - org.jctools-core.MpscChunkedArrayQueue: available
2023-03-22 15:46:15 DEBUG InternalThreadLocalMap:86 - -Dio.netty.threadLocalMap.stringBuilder.initialSize: 1024
2023-03-22 15:46:15 DEBUG InternalThreadLocalMap:89 - -Dio.netty.threadLocalMap.stringBuilder.maxSize: 4096
2023-03-22 15:46:16 DEBUG JdkSslContext:83 - Default protocols (JDK): [TLSv1.2, TLSv1.1, TLSv1] 
2023-03-22 15:46:16 DEBUG JdkSslContext:84 - Default cipher suites (JDK): [TLS_ECDHE_ECDSA_WITH_AES_256_GCM_SHA384, TLS_ECDHE_ECDSA_WITH_AES_128_GCM_SHA256, TLS_ECDHE_RSA_WITH_AES_128_GCM_SHA256, TLS_ECDHE_RSA_WITH_AES_256_GCM_SHA384, TLS_ECDHE_RSA_WITH_AES_128_CBC_SHA, TLS_ECDHE_RSA_WITH_AES_256_CBC_SHA, TLS_RSA_WITH_AES_128_GCM_SHA256, TLS_RSA_WITH_AES_128_CBC_SHA, TLS_RSA_WITH_AES_256_CBC_SHA]
2023-03-22 15:46:16 DEBUG MultithreadEventLoopGroup:44 - -Dio.netty.eventLoopThreads: 16
2023-03-22 15:46:16 DEBUG NioEventLoop:110 - -Dio.netty.noKeySetOptimization: false
2023-03-22 15:46:16 DEBUG NioEventLoop:111 - -Dio.netty.selectorAutoRebuildThreshold: 512
2023-03-22 15:46:17 DEBUG PooledByteBufAllocator:157 - -Dio.netty.allocator.numHeapArenas: 16
2023-03-22 15:46:17 DEBUG PooledByteBufAllocator:158 - -Dio.netty.allocator.numDirectArenas: 16
2023-03-22 15:46:17 DEBUG PooledByteBufAllocator:160 - -Dio.netty.allocator.pageSize: 8192
2023-03-22 15:46:17 DEBUG PooledByteBufAllocator:165 - -Dio.netty.allocator.maxOrder: 9
2023-03-22 15:46:17 DEBUG PooledByteBufAllocator:169 - -Dio.netty.allocator.chunkSize: 4194304
2023-03-22 15:46:17 DEBUG PooledByteBufAllocator:170 - -Dio.netty.allocator.smallCacheSize: 256
2023-03-22 15:46:17 DEBUG PooledByteBufAllocator:171 - -Dio.netty.allocator.normalCacheSize: 64
2023-03-22 15:46:17 DEBUG PooledByteBufAllocator:172 - -Dio.netty.allocator.maxCachedBufferCapacity: 32768
2023-03-22 15:46:17 DEBUG PooledByteBufAllocator:173 - -Dio.netty.allocator.cacheTrimInterval: 8192
2023-03-22 15:46:17 DEBUG PooledByteBufAllocator:174 - -Dio.netty.allocator.cacheTrimIntervalMillis: 0
2023-03-22 15:46:17 DEBUG PooledByteBufAllocator:175 - -Dio.netty.allocator.useCacheForAllThreads: false
2023-03-22 15:46:17 DEBUG PooledByteBufAllocator:176 - -Dio.netty.allocator.maxCachedByteBuffersPerChunk: 1023
2023-03-22 15:46:17 DEBUG ByteBufUtil:87 - -Dio.netty.allocator.type: pooled
2023-03-22 15:46:17 DEBUG ByteBufUtil:96 - -Dio.netty.threadLocalDirectBufferSize: 0
2023-03-22 15:46:17 DEBUG ByteBufUtil:99 - -Dio.netty.maxThreadLocalCharBufferSize: 16384
2023-03-22 15:46:18 DEBUG DefaultChannelId:79 - -Dio.netty.processId: 13324 (auto-detected)
2023-03-22 15:46:18 DEBUG NetUtil:136 - -Djava.net.preferIPv4Stack: false
2023-03-22 15:46:18 DEBUG NetUtil:137 - -Djava.net.preferIPv6Addresses: false
2023-03-22 15:46:19 DEBUG NetUtilInitializations:129 - Loopback interface: lo (Software Loopback Interface 1, 127.0.0.1)
2023-03-22 15:46:19 DEBUG NetUtil:191 - Failed to get SOMAXCONN from sysctl and file \proc\sys\net\core\somaxconn. Default: 200
2023-03-22 15:46:19 DEBUG DefaultChannelId:101 - -Dio.netty.machineId: b0:68:e6:ff:fe:2e:b5:5f (auto-detected)
2023-03-22 15:46:19 DEBUG AbstractByteBuf:63 - -Dio.netty.buffer.checkAccessible: true
2023-03-22 15:46:19 DEBUG AbstractByteBuf:64 - -Dio.netty.buffer.checkBounds: true
2023-03-22 15:46:19 DEBUG ResourceLeakDetectorFactory:196 - Loaded default ResourceLeakDetector: io.netty.util.ResourceLeakDetector@49394b0f
2023-03-22 15:46:19 DEBUG Recycler:85 - -Dio.netty.recycler.maxCapacityPerThread: 4096
2023-03-22 15:46:19 DEBUG Recycler:86 - -Dio.netty.recycler.ratio: 8
2023-03-22 15:46:19 DEBUG Recycler:87 - -Dio.netty.recycler.chunkSize: 32
2023-03-22 15:46:19 DEBUG Recycler:88 - -Dio.netty.recycler.blocking: false
2023-03-22 15:46:33 DEBUG Brotli:38 - brotli4j not in the classpath; Brotli support will be unavailable.
2023-03-22 15:46:34 DEBUG ThreadLocalRandom:214 - -Dio.netty.initialSeedUniquifier: 0x4374dd840d3b4600
2023-03-22 15:46:40 INFO  Log:11 - =====================================VerifyHomePageTest--displayElements TEST START=========================================
2023-03-22 15:46:45 INFO  Log:24 - Home Page Elements Display
2023-03-22 15:46:46 INFO  Log:16 - =====================================VerifyHomePageTest--displayElements TEST END=========================================
2023-03-22 15:46:57 INFO  Log:11 - =====================================VerifyHomePageTest--languageListed TEST START=========================================
2023-03-22 15:47:02 INFO  Log:24 - Home Page Menu Check
2023-03-22 15:47:03 INFO  Log:16 - =====================================VerifyHomePageTest--languageListed TEST END=========================================
2023-03-22 15:47:14 INFO  Log:11 - =====================================VerifyHomePageTest--menuElements TEST START=========================================
2023-03-22 15:47:18 INFO  Log:16 - =====================================VerifyHomePageTest--menuElements TEST END=========================================
2023-03-22 15:47:20 DEBUG cache:45 - Couldn't find template in cache for "v3html/v3-html-index.ftl"("en", UTF-8, parsed); will try to load it.
2023-03-22 15:47:20 DEBUG cache:45 - TemplateLoader.findTemplateSource("v3html/v3-html-index_en.ftl"): Not found
2023-03-22 15:47:20 DEBUG cache:45 - TemplateLoader.findTemplateSource("v3html/v3-html-index.ftl"): Found
2023-03-22 15:47:20 DEBUG cache:45 - Loading template for "v3html/v3-html-index.ftl"("en", UTF-8, parsed) from "jar:file:/C:/Users/Thomas/.m2/repository/com/aventstack/extentreports/4.0.9/extentreports-4.0.9.jar!/com/aventstack/extentreports/view/v3html/v3-html-index.ftl"
2023-03-22 15:47:20 DEBUG cache:45 - Couldn't find template in cache for "v3html/v3-html-head.ftl"("en", UTF-8, parsed); will try to load it.
2023-03-22 15:47:20 DEBUG cache:45 - TemplateLoader.findTemplateSource("v3html/v3-html-head_en.ftl"): Not found
2023-03-22 15:47:20 DEBUG cache:45 - TemplateLoader.findTemplateSource("v3html/v3-html-head.ftl"): Found
2023-03-22 15:47:20 DEBUG cache:45 - Loading template for "v3html/v3-html-head.ftl"("en", UTF-8, parsed) from "jar:file:/C:/Users/Thomas/.m2/repository/com/aventstack/extentreports/4.0.9/extentreports-4.0.9.jar!/com/aventstack/extentreports/view/v3html/v3-html-head.ftl"
2023-03-22 15:47:20 DEBUG cache:45 - Couldn't find template in cache for "v3html/v3-html-nav.ftl"("en", UTF-8, parsed); will try to load it.
2023-03-22 15:47:20 DEBUG cache:45 - TemplateLoader.findTemplateSource("v3html/v3-html-nav_en.ftl"): Not found
2023-03-22 15:47:20 DEBUG cache:45 - TemplateLoader.findTemplateSource("v3html/v3-html-nav.ftl"): Found
2023-03-22 15:47:20 DEBUG cache:45 - Loading template for "v3html/v3-html-nav.ftl"("en", UTF-8, parsed) from "jar:file:/C:/Users/Thomas/.m2/repository/com/aventstack/extentreports/4.0.9/extentreports-4.0.9.jar!/com/aventstack/extentreports/view/v3html/v3-html-nav.ftl"
2023-03-22 15:47:20 DEBUG cache:45 - Couldn't find template in cache for "v3html/test-view/v3-html-test-view.ftl"("en", UTF-8, parsed); will try to load it.
2023-03-22 15:47:20 DEBUG cache:45 - TemplateLoader.findTemplateSource("v3html/test-view/v3-html-test-view_en.ftl"): Not found
2023-03-22 15:47:20 DEBUG cache:45 - TemplateLoader.findTemplateSource("v3html/test-view/v3-html-test-view.ftl"): Found
2023-03-22 15:47:20 DEBUG cache:45 - Loading template for "v3html/test-view/v3-html-test-view.ftl"("en", UTF-8, parsed) from "jar:file:/C:/Users/Thomas/.m2/repository/com/aventstack/extentreports/4.0.9/extentreports-4.0.9.jar!/com/aventstack/extentreports/view/v3html/test-view/v3-html-test-view.ftl"
2023-03-22 15:47:20 DEBUG cache:45 - Couldn't find template in cache for "v3html/test-view/v3-html-test-view-charts.ftl"("en", UTF-8, parsed); will try to load it.
2023-03-22 15:47:20 DEBUG cache:45 - TemplateLoader.findTemplateSource("v3html/test-view/v3-html-test-view-charts_en.ftl"): Not found
2023-03-22 15:47:20 DEBUG cache:45 - TemplateLoader.findTemplateSource("v3html/test-view/v3-html-test-view-charts.ftl"): Found
2023-03-22 15:47:20 DEBUG cache:45 - Loading template for "v3html/test-view/v3-html-test-view-charts.ftl"("en", UTF-8, parsed) from "jar:file:/C:/Users/Thomas/.m2/repository/com/aventstack/extentreports/4.0.9/extentreports-4.0.9.jar!/com/aventstack/extentreports/view/v3html/test-view/v3-html-test-view-charts.ftl"
2023-03-22 15:47:20 DEBUG cache:45 - Couldn't find template in cache for "v3html/test-view/v3-html-standard.ftl"("en", UTF-8, parsed); will try to load it.
2023-03-22 15:47:20 DEBUG cache:45 - TemplateLoader.findTemplateSource("v3html/test-view/v3-html-standard_en.ftl"): Not found
2023-03-22 15:47:20 DEBUG cache:45 - TemplateLoader.findTemplateSource("v3html/test-view/v3-html-standard.ftl"): Found
2023-03-22 15:47:20 DEBUG cache:45 - Loading template for "v3html/test-view/v3-html-standard.ftl"("en", UTF-8, parsed) from "jar:file:/C:/Users/Thomas/.m2/repository/com/aventstack/extentreports/4.0.9/extentreports-4.0.9.jar!/com/aventstack/extentreports/view/v3html/test-view/v3-html-standard.ftl"
2023-03-22 15:47:20 DEBUG cache:45 - "v3html/test-view/v3-html-standard.ftl"("en", UTF-8, parsed) cached copy not yet stale; using cached.
2023-03-22 15:47:20 DEBUG cache:45 - "v3html/test-view/v3-html-standard.ftl"("en", UTF-8, parsed) cached copy not yet stale; using cached.
2023-03-22 15:47:20 DEBUG cache:45 - Couldn't find template in cache for "v3html/category-view/v3-html-category-view.ftl"("en", UTF-8, parsed); will try to load it.
2023-03-22 15:47:20 DEBUG cache:45 - TemplateLoader.findTemplateSource("v3html/category-view/v3-html-category-view_en.ftl"): Not found
2023-03-22 15:47:20 DEBUG cache:45 - TemplateLoader.findTemplateSource("v3html/category-view/v3-html-category-view.ftl"): Found
2023-03-22 15:47:20 DEBUG cache:45 - Loading template for "v3html/category-view/v3-html-category-view.ftl"("en", UTF-8, parsed) from "jar:file:/C:/Users/Thomas/.m2/repository/com/aventstack/extentreports/4.0.9/extentreports-4.0.9.jar!/com/aventstack/extentreports/view/v3html/category-view/v3-html-category-view.ftl"
2023-03-22 15:47:20 DEBUG cache:45 - Couldn't find template in cache for "v3html/exception-view/v3-html-exception-view.ftl"("en", UTF-8, parsed); will try to load it.
2023-03-22 15:47:20 DEBUG cache:45 - TemplateLoader.findTemplateSource("v3html/exception-view/v3-html-exception-view_en.ftl"): Not found
2023-03-22 15:47:20 DEBUG cache:45 - TemplateLoader.findTemplateSource("v3html/exception-view/v3-html-exception-view.ftl"): Found
2023-03-22 15:47:20 DEBUG cache:45 - Loading template for "v3html/exception-view/v3-html-exception-view.ftl"("en", UTF-8, parsed) from "jar:file:/C:/Users/Thomas/.m2/repository/com/aventstack/extentreports/4.0.9/extentreports-4.0.9.jar!/com/aventstack/extentreports/view/v3html/exception-view/v3-html-exception-view.ftl"
2023-03-22 15:47:20 DEBUG cache:45 - Couldn't find template in cache for "v3html/author-view/v3-html-author-view.ftl"("en", UTF-8, parsed); will try to load it.
2023-03-22 15:47:20 DEBUG cache:45 - TemplateLoader.findTemplateSource("v3html/author-view/v3-html-author-view_en.ftl"): Not found
2023-03-22 15:47:20 DEBUG cache:45 - TemplateLoader.findTemplateSource("v3html/author-view/v3-html-author-view.ftl"): Found
2023-03-22 15:47:20 DEBUG cache:45 - Loading template for "v3html/author-view/v3-html-author-view.ftl"("en", UTF-8, parsed) from "jar:file:/C:/Users/Thomas/.m2/repository/com/aventstack/extentreports/4.0.9/extentreports-4.0.9.jar!/com/aventstack/extentreports/view/v3html/author-view/v3-html-author-view.ftl"
2023-03-22 15:47:20 DEBUG cache:45 - Couldn't find template in cache for "v3html/dashboard-view/v3-html-dashboard-view.ftl"("en", UTF-8, parsed); will try to load it.
2023-03-22 15:47:20 DEBUG cache:45 - TemplateLoader.findTemplateSource("v3html/dashboard-view/v3-html-dashboard-view_en.ftl"): Not found
2023-03-22 15:47:20 DEBUG cache:45 - TemplateLoader.findTemplateSource("v3html/dashboard-view/v3-html-dashboard-view.ftl"): Found
2023-03-22 15:47:20 DEBUG cache:45 - Loading template for "v3html/dashboard-view/v3-html-dashboard-view.ftl"("en", UTF-8, parsed) from "jar:file:/C:/Users/Thomas/.m2/repository/com/aventstack/extentreports/4.0.9/extentreports-4.0.9.jar!/com/aventstack/extentreports/view/v3html/dashboard-view/v3-html-dashboard-view.ftl"
2023-03-22 15:47:20 DEBUG cache:45 - Couldn't find template in cache for "v3html/logs-view/v3-html-testrunner-logs-view.ftl"("en", UTF-8, parsed); will try to load it.
2023-03-22 15:47:20 DEBUG cache:45 - TemplateLoader.findTemplateSource("v3html/logs-view/v3-html-testrunner-logs-view_en.ftl"): Not found
2023-03-22 15:47:20 DEBUG cache:45 - TemplateLoader.findTemplateSource("v3html/logs-view/v3-html-testrunner-logs-view.ftl"): Found
2023-03-22 15:47:20 DEBUG cache:45 - Loading template for "v3html/logs-view/v3-html-testrunner-logs-view.ftl"("en", UTF-8, parsed) from "jar:file:/C:/Users/Thomas/.m2/repository/com/aventstack/extentreports/4.0.9/extentreports-4.0.9.jar!/com/aventstack/extentreports/view/v3html/logs-view/v3-html-testrunner-logs-view.ftl"
